This is pdfTeX, Version 3.1415926-2.3-1.40.12 (MiKTeX 2.9) (preloaded format=pdftex 2013.6.20)  20 JUN 2013 21:51
entering extended mode
**C:/Users/Debora*Natsue/Google*Drive/TG1/monografia/bibliografia.bib
("C:/Users/Debora Natsue/Google Drive/TG1/monografia/bibliografia.bib"
! Missing $ inserted.
<inserted text> 
                $
<to be read again> 
                   _
l.5  issue_
           date = {Fall 2012},
? 
! Emergency stop.
<inserted text> 
                $
<to be read again> 
                   _
l.5  issue_
           date = {Fall 2012},
End of file on the terminal!

!  ==> Fatal error occurred, no output PDF file produced!
